<?xml version="1.0" encoding="UTF-8"?>
<!-- Generated by org.testng.reporters.JUnitXMLReporter -->
<testsuite ignored="2" hostname="DESKTOP-3ATBMV1" failures="0" tests="3" name="Default test" time="0.056" errors="0" timestamp="2023-07-21T10:43:20 IST">
  <testcase classname="kavi_repo.TestNg_1" name="m1" time="0.004"/>
  <testcase classname="kavi_repo.TestNg_1" name="m5" time="0.001"/>
  <testcase classname="kavi_repo.TestNg_1" name="M2" time="0.001"/>
  <testcase classname="kavi_repo.TestNg_1" name="m3" time="0.0">
    <ignored/>
  </testcase> <!-- m3 -->
  <testcase classname="kavi_repo.TestNg_1" name="m4" time="0.0">
    <ignored/>
  </testcase> <!-- m4 -->
</testsuite> <!-- Default test -->
