<?xml version="1.0" encoding="UTF-8"?>
<testng-results ignored="0" total="1" passed="1" failed="0" skipped="0">
  <reporter-output>
  </reporter-output>
  <suite started-at="2023-07-18T15:04:42 IST" name="Default suite" finished-at="2023-07-18T15:04:42 IST" duration-ms="56">
    <groups>
    </groups>
    <test started-at="2023-07-18T15:04:42 IST" name="Default test" finished-at="2023-07-18T15:04:42 IST" duration-ms="56">
      <class name="kavi_repo.testng">
        <test-method signature="m1()[pri:0, instance:kavi_repo.testng@3012646b]" started-at="2023-07-18T15:04:42 IST" name="m1" finished-at="2023-07-18T15:04:42 IST" duration-ms="9" status="PASS">
          <reporter-output>
          </reporter-output>
        </test-method> <!-- m1 -->
      </class> <!-- kavi_repo.testng -->
    </test> <!-- Default test -->
  </suite> <!-- Default suite -->
</testng-results>
